Error at file 'new.asm' line 13: cannot read file 'z80_crt0.hdr'
Error at file 'new.asm' line 858: cannot read file 'z80_crt0.hdr'
Error at file 'new.asm' line 951: symbol 'i_5' already defined
Error at file 'new.asm' line 959: symbol 'i_3' already defined
Error at file 'new.asm' line 973: symbol 'i_4' already defined
Error at file 'new.asm' line 1030: symbol 'i_7' already defined
Error at file 'new.asm' line 1031: symbol 'i_6' already defined
Error at file 'new.asm' line 1089: symbol 'i_8' already defined
Error at file 'new.asm' line 1100: symbol 'i_9' already defined
Error at file 'new.asm' line 1111: symbol 'i_12' already defined
Error at file 'new.asm' line 1132: symbol 'i_13' already defined
Error at file 'new.asm' line 1136: symbol 'i_11' already defined
Error at file 'new.asm' line 1194: symbol 'i_17' already defined
Error at file 'new.asm' line 1218: symbol 'i_18' already defined
Error at file 'new.asm' line 1233: symbol 'i_21' already defined
Error at file 'new.asm' line 1240: symbol 'i_23' already defined
Error at file 'new.asm' line 1245: symbol 'i_25' already defined
Error at file 'new.asm' line 1264: symbol 'i_26' already defined
Error at file 'new.asm' line 1268: symbol 'i_24' already defined
Error at file 'new.asm' line 1288: symbol 'i_28' already defined
Error at file 'new.asm' line 1301: symbol 'i_32' already defined
Error at file 'new.asm' line 1321: symbol 'i_31' already defined
Error at file 'new.asm' line 1332: symbol 'i_33' already defined
Error at file 'new.asm' line 1334: symbol 'i_34' already defined
Error at file 'new.asm' line 1338: symbol 'i_27' already defined
Error at file 'new.asm' line 1339: symbol 'i_20' already defined
Error at file 'new.asm' line 1341: symbol 'i_16' already defined
Error at file 'new.asm' line 1440: symbol 'i_35' already defined
Error at file 'new.asm' line 1441: symbol 'i_15' already defined
Error at file 'new.asm' line 1898: symbol 'i_1' already defined
Error at file 'new.asm' line 2112: cannot read file 'z80_crt0.hdr'
Error at file 'new.asm' line 2254: symbol 'i_2' already defined
Error at file 'new.asm' line 2284: symbol 'i_3' already defined
Error at file 'new.asm' line 2300: symbol 'i_4' already defined
Error at file 'new.asm' line 2349: symbol 'i_6' already defined
Error at file 'new.asm' line 2351: symbol 'i_7' already defined
Error at file 'new.asm' line 2355: symbol 'i_5' already defined
Error at file 'new.asm' line 2393: symbol 'i_9' already defined
Error at file 'new.asm' line 2402: symbol 'i_8' already defined
Error at file 'new.asm' line 2407: symbol 'i_13' already defined
Error at file 'new.asm' line 2411: symbol 'i_14' already defined
Error at file 'new.asm' line 2450: symbol 'i_15' already defined
Error at file 'new.asm' line 2465: symbol 'i_12' already defined
Error at file 'new.asm' line 2512: symbol 'i_16' already defined
Error at file 'new.asm' line 2640: symbol 'i_18' already defined
Error at file 'new.asm' line 2648: symbol 'i_17' already defined
Error at file 'new.asm' line 2665: symbol 'i_20' already defined
Error at file 'new.asm' line 2692: symbol 'i_21' already defined
Error at file 'new.asm' line 2694: symbol 'i_22' already defined
Error at file 'new.asm' line 2702: symbol 'i_23' already defined
Error at file 'new.asm' line 2710: symbol 'i_24' already defined
Error at file 'new.asm' line 2759: symbol 'i_26' already defined
Error at file 'new.asm' line 2768: symbol 'i_25' already defined
Error at file 'new.asm' line 2815: symbol 'i_30' already defined
Error at file 'new.asm' line 2817: symbol 'i_29' already defined
Error at file 'new.asm' line 2868: symbol 'i_33' already defined
Error at file 'new.asm' line 2887: symbol 'i_34' already defined
Error at file 'new.asm' line 2910: symbol 'i_32' already defined
Error at file 'new.asm' line 2911: symbol 'i_31' already defined
Error at file 'new.asm' line 2912: symbol 'i_28' already defined
Error at file 'new.asm' line 2955: symbol 'i_35' already defined
Error at file 'new.asm' line 2956: symbol 'i_38' already defined
Error at file 'new.asm' line 2992: symbol 'i_39' already defined
Error at file 'new.asm' line 2994: symbol 'i_40' already defined
Error at file 'new.asm' line 3001: symbol 'i_41' already defined
Error at file 'new.asm' line 3022: symbol 'i_42' already defined
Error at file 'new.asm' line 3052: symbol 'i_43' already defined
Error at file 'new.asm' line 3062: symbol 'i_36' already defined
Error at file 'new.asm' line 3068: symbol 'i_37' already defined
Error at file 'new.asm' line 3085: symbol 'i_46' already defined
Error at file 'new.asm' line 3145: symbol 'i_48' already defined
Error at file 'new.asm' line 3147: symbol 'i_49' already defined
Error at file 'new.asm' line 3155: symbol 'i_50' already defined
Error at file 'new.asm' line 3176: symbol 'i_51' already defined
Error at file 'new.asm' line 3219: symbol 'i_52' already defined
Error at file 'new.asm' line 3232: symbol 'i_55' already defined
Error at file 'new.asm' line 3234: symbol 'i_47' already defined
Error at file 'new.asm' line 3252: symbol 'i_56' already defined
Error at file 'new.asm' line 3305: symbol 'i_57' already defined
Error at file 'new.asm' line 3306: symbol 'i_59' already defined
Error at file 'new.asm' line 3340: symbol 'i_61' already defined
Error at file 'new.asm' line 3342: symbol 'i_60' already defined
Error at file 'new.asm' line 3364: symbol 'i_64' already defined
Error at file 'new.asm' line 3383: symbol 'i_67' already defined
Error at file 'new.asm' line 3385: symbol 'i_66' already defined
Error at file 'new.asm' line 3395: symbol 'i_63' already defined
Error at file 'new.asm' line 3412: symbol 'i_70' already defined
Error at file 'new.asm' line 3465: symbol 'i_69' already defined
Error at file 'new.asm' line 3483: symbol 'i_75' already defined
Error at file 'new.asm' line 3487: symbol 'i_74' already defined
Error at file 'new.asm' line 3495: symbol 'i_73' already defined
Error at file 'new.asm' line 3514: symbol 'i_72' already defined
Error at file 'new.asm' line 3516: symbol 'i_58' already defined
Error at file 'new.asm' line 3548: symbol 'i_78' already defined
Error at file 'new.asm' line 3550: symbol 'i_79' already defined
Error at file 'new.asm' line 3656: symbol 'i_82' already defined
Error at file 'new.asm' line 3782: symbol 'i_80' already defined
Error at file 'new.asm' line 5748: symbol 'i_1' already defined
Error at file 'new.asm' line 25: symbol 'l_gintsp' not defined
Error at file 'new.asm' line 62: symbol 'l_pint' not defined
Error at file 'new.asm' line 64: symbol 'l_lneg' not defined
Error at file 'new.asm' line 79: symbol 'l_pint_pop' not defined
Error at file 'new.asm' line 81: symbol 'l_gintsp' not defined
Error at file 'new.asm' line 91: symbol 'l_gintsp' not defined
Error at file 'new.asm' line 126: symbol 'l_glong2sp' not defined
Error at file 'new.asm' line 128: symbol 'l_glongsp' not defined
Error at file 'new.asm' line 138: symbol 'l_glong2sp' not defined
Error at file 'new.asm' line 141: symbol 'l_glong2sp' not defined
Error at file 'new.asm' line 144: symbol 'l_glong2sp' not defined
Error at file 'new.asm' line 147: symbol 'l_glong2sp' not defined
Error at file 'new.asm' line 150: symbol 'l_glong2sp' not defined
Error at file 'new.asm' line 153: symbol 'l_glong2sp' not defined
Error at file 'new.asm' line 155: symbol 'l_glongsp' not defined
Error at file 'new.asm' line 179: symbol 'l_pint_pop' not defined
Error at file 'new.asm' line 181: symbol 'l_gintsp' not defined
Error at file 'new.asm' line 186: symbol 'l_gintsp' not defined
Error at file 'new.asm' line 210: symbol 'l_pint_pop' not defined
Error at file 'new.asm' line 212: symbol 'l_gintsp' not defined
Error at file 'new.asm' line 217: symbol 'l_gcharsp' not defined
Error at file 'new.asm' line 218: symbol 'l_lneg' not defined
Error at file 'new.asm' line 243: symbol 'l_glong2sp' not defined
Error at file 'new.asm' line 257: symbol 'l_gintsp' not defined
Error at file 'new.asm' line 262: symbol 'l_gintsp' not defined
Error at file 'new.asm' line 279: symbol 'l_pint_pop' not defined
Error at file 'new.asm' line 281: symbol 'l_gintsp' not defined
Error at file 'new.asm' line 286: symbol 'l_gintsp' not defined
Error at file 'new.asm' line 312: symbol 'l_pint_pop' not defined
Error at file 'new.asm' line 314: symbol 'l_gintsp' not defined
Error at file 'new.asm' line 319: symbol 'l_gintsp' not defined
Error at file 'new.asm' line 320: symbol 'l_lneg' not defined
Error at file 'new.asm' line 329: symbol 'l_pint' not defined
Error at file 'new.asm' line 341: symbol 'l_gintspsp' not defined
Error at file 'new.asm' line 343: symbol 'l_gintsp' not defined
Error at file 'new.asm' line 353: symbol 'l_gintsp' not defined
Error at file 'new.asm' line 366: symbol 'l_gintsp' not defined
Error at file 'new.asm' line 371: symbol 'l_gintsp' not defined
Error at file 'new.asm' line 390: symbol 'l_pint_pop' not defined
Error at file 'new.asm' line 392: symbol 'l_gintsp' not defined
Error at file 'new.asm' line 397: symbol 'l_gintsp' not defined
Error at file 'new.asm' line 423: symbol 'l_pint_pop' not defined
Error at file 'new.asm' line 425: symbol 'l_gintsp' not defined
Error at file 'new.asm' line 430: symbol 'l_gintsp' not defined
Error at file 'new.asm' line 431: symbol 'l_lneg' not defined
Error at file 'new.asm' line 439: symbol 'l_gintsp' not defined
Error at file 'new.asm' line 444: symbol 'l_gintsp' not defined
Error at file 'new.asm' line 467: symbol 'l_pint_pop' not defined
Error at file 'new.asm' line 469: symbol 'l_gintsp' not defined
Error at file 'new.asm' line 474: symbol 'l_gintsp' not defined
Error at file 'new.asm' line 1073: symbol 'l_glong' not defined
Error at file 'new.asm' line 1418: symbol 'l_lneg' not defined
Error at file 'new.asm' line 1490: symbol 'l_lneg' not defined
Error at file 'new.asm' line 1495: symbol 'l_glong2sp' not defined
Error at file 'new.asm' line 1498: symbol 'l_long_mult' not defined
Error at file 'new.asm' line 1500: symbol 'l_plong' not defined
Error at file 'new.asm' line 1510: symbol 'l_glongsp' not defined
Error at file 'new.asm' line 1567: symbol 'l_gintsp' not defined
Error at file 'new.asm' line 1576: symbol 'l_gintsp' not defined
Error at file 'new.asm' line 1581: symbol 'l_gintsp' not defined
Error at file 'new.asm' line 1587: symbol 'l_gintsp' not defined
Error at file 'new.asm' line 1667: symbol 'l_pint' not defined
Error at file 'new.asm' line 1675: symbol 'l_gintsp' not defined
Error at file 'new.asm' line 1702: symbol 'l_gintsp' not defined
Error at file 'new.asm' line 1708: symbol 'l_glong' not defined
Error at file 'new.asm' line 1758: symbol 'l_pint' not defined
Error at file 'new.asm' line 1763: symbol 'l_glong' not defined
Error at file 'new.asm' line 1774: symbol 'l_lneg' not defined
Error at file 'new.asm' line 1779: symbol 'l_glong2sp' not defined
Error at file 'new.asm' line 1782: symbol 'l_long_mult' not defined
Error at file 'new.asm' line 1784: symbol 'l_plong' not defined
Error at file 'new.asm' line 1789: symbol 'l_glongsp' not defined
Error at file 'new.asm' line 1811: symbol 'l_pint' not defined
Error at file 'new.asm' line 1880: symbol 'l_pint' not defined
Error at file 'new.asm' line 1890: symbol 'l_gintsp' not defined
Error at file 'new.asm' line 2123: symbol 'l_gintsp' not defined
Error at file 'new.asm' line 2133: symbol 'l_gintsp' not defined
Error at file 'new.asm' line 2155: symbol 'l_gintsp' not defined
Error at file 'new.asm' line 2163: symbol 'l_plong' not defined
Error at file 'new.asm' line 2177: symbol 'l_gintsp' not defined
Error at file 'new.asm' line 2188: symbol 'l_plong' not defined
Error at file 'new.asm' line 2202: symbol 'l_gintsp' not defined
Error at file 'new.asm' line 2212: symbol 'l_plong' not defined
Error at file 'new.asm' line 2226: symbol 'l_gintsp' not defined
Error at file 'new.asm' line 2235: symbol 'l_plong' not defined
Error at file 'new.asm' line 2238: symbol 'l_glong' not defined
Error at file 'new.asm' line 2252: symbol 'l_gintsp' not defined
Error at file 'new.asm' line 2275: symbol 'l_gintsp' not defined
Error at file 'new.asm' line 2277: symbol 'l_sxt' not defined
Error at file 'new.asm' line 2279: symbol 'l_sxt' not defined
Error at file 'new.asm' line 2297: symbol 'l_g2intspsp' not defined
Error at file 'new.asm' line 2325: symbol 'l_gchar' not defined
Error at file 'new.asm' line 2337: symbol 'l_gchar' not defined
Error at file 'new.asm' line 2348: integer '-2385' out of range
Error at file 'new.asm' line 2373: symbol 'l_glong' not defined
Error at file 'new.asm' line 2385: symbol 'l_glong2sp' not defined
Error at file 'new.asm' line 2387: symbol 'l_gintsp' not defined
Error at file 'new.asm' line 2390: symbol 'l_glong' not defined
Error at file 'new.asm' line 2391: symbol 'l_long_uge' not defined
Error at file 'new.asm' line 2417: symbol 'l_gint' not defined
Error at file 'new.asm' line 2420: symbol 'l_glong2sp' not defined
Error at file 'new.asm' line 2423: symbol 'l_glong2sp' not defined
Error at file 'new.asm' line 2425: symbol 'l_long_asr_u' not defined
Error at file 'new.asm' line 2426: symbol 'l_long_add' not defined
Error at file 'new.asm' line 2431: symbol 'l_glong' not defined
Error at file 'new.asm' line 2484: symbol 'l_glong' not defined
Error at file 'new.asm' line 2490: symbol 'l_plong' not defined
Error at file 'new.asm' line 2493: symbol 'l_glong2sp' not defined
Error at file 'new.asm' line 2495: symbol 'l_gintsp' not defined
Error at file 'new.asm' line 2498: symbol 'l_glong' not defined
Error at file 'new.asm' line 2503: symbol 'l_long_uge' not defined
Error at file 'new.asm' line 2515: symbol 'l_glong2sp' not defined
Error at file 'new.asm' line 2517: symbol 'l_gintsp' not defined
Error at file 'new.asm' line 2523: symbol 'l_long_mult' not defined
Error at file 'new.asm' line 2527: symbol 'l_gintsp' not defined
Error at file 'new.asm' line 2530: symbol 'l_glong' not defined
Error at file 'new.asm' line 2531: symbol 'l_long_add' not defined
Error at file 'new.asm' line 2552: symbol 'l_gintsp' not defined
Error at file 'new.asm' line 2560: symbol 'l_plong' not defined
Error at file 'new.asm' line 2564: symbol 'l_glong' not defined
Error at file 'new.asm' line 2568: symbol 'l_plong' not defined
Error at file 'new.asm' line 2572: symbol 'l_glong2sp' not defined
Error at file 'new.asm' line 2574: symbol 'l_gintsp' not defined
Error at file 'new.asm' line 2581: symbol 'l_or' not defined
Error at file 'new.asm' line 2584: symbol 'l_plong' not defined
Error at file 'new.asm' line 2587: symbol 'l_glong' not defined
Error at file 'new.asm' line 2617: symbol 'l_gintsp' not defined
Error at file 'new.asm' line 2620: symbol 'l_glong' not defined
Error at file 'new.asm' line 2622: symbol 'l_plong' not defined
Error at file 'new.asm' line 2625: symbol 'l_glong2sp' not defined
Error at file 'new.asm' line 2628: symbol 'l_long_eq' not defined
Error at file 'new.asm' line 2632: symbol 'l_glong2sp' not defined
Error at file 'new.asm' line 2634: symbol 'l_gintsp' not defined
Error at file 'new.asm' line 2637: symbol 'l_glong' not defined
Error at file 'new.asm' line 2638: symbol 'l_long_uge' not defined
Error at file 'new.asm' line 2651: symbol 'l_glong' not defined
Error at file 'new.asm' line 2652: symbol 'l_long_lneg' not defined
Error at file 'new.asm' line 2659: symbol 'l_gint' not defined
Error at file 'new.asm' line 2662: symbol 'l_glong' not defined
Error at file 'new.asm' line 2664: symbol 'l_plong' not defined
Error at file 'new.asm' line 2667: symbol 'l_gintsp' not defined
Error at file 'new.asm' line 2673: symbol 'l_glong' not defined
Error at file 'new.asm' line 2675: symbol 'l_plong' not defined
Error at file 'new.asm' line 2677: symbol 'l_gintsp' not defined
Error at file 'new.asm' line 2684: symbol 'l_glong' not defined
Error at file 'new.asm' line 2691: integer '-2689' out of range
Error at file 'new.asm' line 2697: symbol 'l_glongsp' not defined
Error at file 'new.asm' line 2709: symbol 'l_glong' not defined
Error at file 'new.asm' line 2712: symbol 'l_plong' not defined
Error at file 'new.asm' line 2714: symbol 'l_gintsp' not defined
Error at file 'new.asm' line 2719: symbol 'l_glongsp' not defined
Error at file 'new.asm' line 2724: symbol 'l_plong' not defined
Error at file 'new.asm' line 2743: symbol 'l_gintsp' not defined
Error at file 'new.asm' line 2744: symbol 'l_gint' not defined
Error at file 'new.asm' line 2750: symbol 'l_lneg' not defined
Error at file 'new.asm' line 2753: symbol 'l_gintsp' not defined
Error at file 'new.asm' line 2756: symbol 'l_glong' not defined
Error at file 'new.asm' line 2757: symbol 'l_long_lneg' not defined
Error at file 'new.asm' line 2777: symbol 'l_gintsp' not defined
Error at file 'new.asm' line 2781: symbol 'l_glong' not defined
Error at file 'new.asm' line 2782: symbol 'l_inclong' not defined
Error at file 'new.asm' line 2784: symbol 'l_plong' not defined
Error at file 'new.asm' line 2786: symbol 'l_gintsp' not defined
Error at file 'new.asm' line 2789: symbol 'l_glong' not defined
Error at file 'new.asm' line 2796: symbol 'l_gintspsp' not defined
Error at file 'new.asm' line 2803: symbol 'l_gint' not defined
Error at file 'new.asm' line 2805: symbol 'l_uge' not defined
Error at file 'new.asm' line 2823: symbol 'l_asr_u_hl_by_e' not defined
Error at file 'new.asm' line 2834: symbol 'l_and' not defined
Error at file 'new.asm' line 2842: symbol 'l_gintsp' not defined
Error at file 'new.asm' line 2845: symbol 'l_glong' not defined
Error at file 'new.asm' line 2852: symbol 'l_plong' not defined
Error at file 'new.asm' line 2855: symbol 'l_glong2sp' not defined
Error at file 'new.asm' line 2858: symbol 'l_long_ule' not defined
Error at file 'new.asm' line 2871: symbol 'l_glong2sp' not defined
Error at file 'new.asm' line 2873: symbol 'l_gintsp' not defined
Error at file 'new.asm' line 2876: symbol 'l_glong' not defined
Error at file 'new.asm' line 2877: symbol 'l_long_uge' not defined
Error at file 'new.asm' line 2889: symbol 'l_gintsp' not defined
Error at file 'new.asm' line 2895: symbol 'l_glong' not defined
Error at file 'new.asm' line 2897: symbol 'l_plong' not defined
Error at file 'new.asm' line 2899: symbol 'l_gintsp' not defined
Error at file 'new.asm' line 2904: symbol 'l_glongsp' not defined
Error at file 'new.asm' line 2909: symbol 'l_plong' not defined
Error at file 'new.asm' line 2914: symbol 'l_gintspsp' not defined
Error at file 'new.asm' line 2916: symbol 'l_gintsp' not defined
Error at file 'new.asm' line 2917: symbol 'l_pint_pop' not defined
Error at file 'new.asm' line 2938: symbol 'l_gintsp' not defined
Error at file 'new.asm' line 2942: symbol 'l_pint_pop' not defined
Error at file 'new.asm' line 2944: symbol 'l_gintsp' not defined
Error at file 'new.asm' line 2949: symbol 'l_gintsp' not defined
Error at file 'new.asm' line 2961: symbol 'l_gintspsp' not defined
Error at file 'new.asm' line 2963: symbol 'l_gintsp' not defined
Error at file 'new.asm' line 2966: symbol 'l_glong2sp' not defined
Error at file 'new.asm' line 2968: symbol 'l_gintsp' not defined
Error at file 'new.asm' line 2995: symbol 'l_pint_pop' not defined
Error at file 'new.asm' line 2997: symbol 'l_gintsp' not defined
Error at file 'new.asm' line 3006: symbol 'l_gintsp' not defined
Error at file 'new.asm' line 3020: symbol 'l_pint' not defined
Error at file 'new.asm' line 3024: symbol 'l_gintsp' not defined
Error at file 'new.asm' line 3031: symbol 'l_gintspsp' not defined
Error at file 'new.asm' line 3033: symbol 'l_gintsp' not defined
Error at file 'new.asm' line 3046: symbol 'l_lneg' not defined
Error at file 'new.asm' line 3057: symbol 'l_gintsp' not defined
Error at file 'new.asm' line 3061: symbol 'l_pint_pop' not defined
Error at file 'new.asm' line 3064: symbol 'l_gintsp' not defined
Error at file 'new.asm' line 3070: symbol 'l_gintsp' not defined
Error at file 'new.asm' line 3087: symbol 'l_gintsp' not defined
Error at file 'new.asm' line 3090: symbol 'l_glong' not defined
Error at file 'new.asm' line 3099: symbol 'l_gintsp' not defined
Error at file 'new.asm' line 3102: symbol 'l_glong2sp' not defined
Error at file 'new.asm' line 3104: symbol 'l_gintsp' not defined
Error at file 'new.asm' line 3105: symbol 'l_gint' not defined
Error at file 'new.asm' line 3114: symbol 'l_gintspsp' not defined
Error at file 'new.asm' line 3116: symbol 'l_gintsp' not defined
Error at file 'new.asm' line 3119: symbol 'l_glong2sp' not defined
Error at file 'new.asm' line 3121: symbol 'l_gintsp' not defined
Error at file 'new.asm' line 3160: symbol 'l_gintsp' not defined
Error at file 'new.asm' line 3181: symbol 'l_gintsp' not defined
Error at file 'new.asm' line 3213: symbol 'l_lneg' not defined
Error at file 'new.asm' line 3221: symbol 'l_gintsp' not defined
Error at file 'new.asm' line 3231: integer '-2386' out of range
Error at file 'new.asm' line 3243: symbol 'l_gintsp' not defined
Error at file 'new.asm' line 3251: symbol 'l_plong' not defined
Error at file 'new.asm' line 3270: symbol 'l_gintsp' not defined
Error at file 'new.asm' line 3273: symbol 'l_gint' not defined
Error at file 'new.asm' line 3279: symbol 'l_gintspsp' not defined
Error at file 'new.asm' line 3301: symbol 'l_gintsp' not defined
Error at file 'new.asm' line 3302: symbol 'l_gint' not defined
Error at file 'new.asm' line 3311: symbol 'l_gintspsp' not defined
Error at file 'new.asm' line 3339: integer '-2313' out of range
Error at file 'new.asm' line 3362: symbol 'l_uge' not defined
Error at file 'new.asm' line 3382: integer '-2251' out of range
Error at file 'new.asm' line 3419: symbol 'l_gintspsp' not defined
Error at file 'new.asm' line 3432: symbol 'l_gintspsp' not defined
Error at file 'new.asm' line 3447: symbol 'l_gintspsp' not defined
Error at file 'new.asm' line 3472: symbol 'l_uge' not defined
Error at file 'new.asm' line 3497: symbol 'l_gintspsp' not defined
Error at file 'new.asm' line 3518: symbol 'l_gintspsp' not defined
Error at file 'new.asm' line 3529: symbol 'l_pint_pop' not defined
Error at file 'new.asm' line 3573: symbol 'l_gintsp' not defined
Error at file 'new.asm' line 3579: symbol 'l_gintsp' not defined
Error at file 'new.asm' line 3582: symbol 'l_glong' not defined
Error at file 'new.asm' line 3658: symbol 'l_gintsp' not defined
Error at file 'new.asm' line 3734: symbol 'l_gintsp' not defined
Error at file 'new.asm' line 3739: symbol 'l_gintsp' not defined
Error at file 'new.asm' line 3746: symbol 'l_gintspsp' not defined
Error at file 'new.asm' line 3748: symbol 'l_gintsp' not defined
Error at file 'new.asm' line 3755: symbol 'l_plong' not defined
Error at file 'new.asm' line 3757: symbol 'l_gintsp' not defined
Error at file 'new.asm' line 3762: symbol 'l_gintsp' not defined
Error at file 'new.asm' line 3768: symbol 'l_pint_pop' not defined
Error at file 'new.asm' line 3770: symbol 'l_gintsp' not defined
Error at file 'new.asm' line 3775: symbol 'l_gintsp' not defined
Error at file 'new.asm' line 3781: symbol 'l_pint_pop' not defined
Error at file 'new.asm' line 3803: symbol 'l_gintsp' not defined
Error at file 'new.asm' line 3820: symbol 'l_gintsp' not defined
Error at file 'new.asm' line 3833: symbol 'l_gintsp' not defined
Error at file 'new.asm' line 3845: symbol 'l_gintsp' not defined
Error at file 'new.asm' line 3853: symbol 'l_gintsp' not defined
Error at file 'new.asm' line 3872: symbol 'l_gintspsp' not defined
Error at file 'new.asm' line 3886: symbol 'l_gintspsp' not defined
Error at file 'new.asm' line 3888: symbol 'l_gintsp' not defined
Error at file 'new.asm' line 3900: symbol 'l_gintsp' not defined
Error at file 'new.asm' line 3903: symbol 'l_gint' not defined
Error at file 'new.asm' line 3912: symbol 'l_gintsp' not defined
Error at file 'new.asm' line 3924: symbol 'l_gintsp' not defined
Error at file 'new.asm' line 3929: symbol 'l_gintsp' not defined
Error at file 'new.asm' line 3934: symbol 'l_plong' not defined
Error at file 'new.asm' line 3949: symbol 'l_gintspsp' not defined
Error at file 'new.asm' line 3952: symbol 'l_glong2sp' not defined
Error at file 'new.asm' line 3972: symbol 'l_gintsp' not defined
Error at file 'new.asm' line 3989: symbol 'l_gintspsp' not defined
Error at file 'new.asm' line 3992: symbol 'l_glong2sp' not defined
Error at file 'new.asm' line 4003: symbol 'l_lneg' not defined
Error at file 'new.asm' line 4006: symbol 'l_gintsp' not defined
Error at file 'new.asm' line 4065: symbol 'l_glongsp' not defined
Error at file 'new.asm' line 4085: symbol 'l_glong2sp' not defined
Error at file 'new.asm' line 4120: symbol 'l_plong' not defined
Error at file 'new.asm' line 4128: symbol 'l_glongsp' not defined
Error at file 'new.asm' line 4172: symbol 'l_glong2sp' not defined
Error at file 'new.asm' line 4204: symbol 'l_plong' not defined
Error at file 'new.asm' line 4207: symbol 'l_glong' not defined
Error at file 'new.asm' line 4208: symbol 'l_long_lneg' not defined
Error at file 'new.asm' line 4219: symbol 'l_plong' not defined
Error at file 'new.asm' line 4224: symbol 'l_glong2sp' not defined
Error at file 'new.asm' line 4230: symbol 'l_long_mult' not defined
Error at file 'new.asm' line 4232: symbol 'l_plong' not defined
Error at file 'new.asm' line 4234: symbol 'l_gintsp' not defined
Error at file 'new.asm' line 4240: symbol 'l_glong2sp' not defined
Error at file 'new.asm' line 4247: symbol 'l_long_add' not defined
Error at file 'new.asm' line 4249: symbol 'l_plong' not defined
Error at file 'new.asm' line 4251: symbol 'l_gintsp' not defined
Error at file 'new.asm' line 4260: symbol 'l_gintsp' not defined
Error at file 'new.asm' line 4269: symbol 'l_pint_pop' not defined
Error at file 'new.asm' line 4280: symbol 'l_plong' not defined
Error at file 'new.asm' line 4283: symbol 'l_glong' not defined
Error at file 'new.asm' line 4284: symbol 'l_long_lneg' not defined
Error at file 'new.asm' line 4295: symbol 'l_plong' not defined
Error at file 'new.asm' line 4302: symbol 'l_glong2sp' not defined
Error at file 'new.asm' line 4309: symbol 'l_long_sub' not defined
Error at file 'new.asm' line 4314: symbol 'l_glong' not defined
Error at file 'new.asm' line 4315: symbol 'l_long_sub' not defined
Error at file 'new.asm' line 4319: symbol 'l_gintsp' not defined
Error at file 'new.asm' line 4322: symbol 'l_gint' not defined
Error at file 'new.asm' line 4324: symbol 'l_asr_u_hl_by_e' not defined
Error at file 'new.asm' line 4326: symbol 'l_long_sub' not defined
Error at file 'new.asm' line 4330: symbol 'l_gintsp' not defined
Error at file 'new.asm' line 4336: symbol 'l_long_div_u' not defined
Error at file 'new.asm' line 4342: symbol 'l_plong' not defined
Error at file 'new.asm' line 4344: symbol 'l_gintsp' not defined
Error at file 'new.asm' line 4350: symbol 'l_glong' not defined
Error at file 'new.asm' line 4352: symbol 'l_plong' not defined
Error at file 'new.asm' line 4358: symbol 'l_glong2sp' not defined
Error at file 'new.asm' line 4361: symbol 'l_long_uge' not defined
Error at file 'new.asm' line 4381: symbol 'l_gintspsp' not defined
Error at file 'new.asm' line 4388: symbol 'l_gintsp' not defined
Error at file 'new.asm' line 4398: symbol 'l_plong' not defined
Error at file 'new.asm' line 4400: symbol 'l_gintsp' not defined
Error at file 'new.asm' line 4405: symbol 'l_gintsp' not defined
Error at file 'new.asm' line 4408: symbol 'l_glong2sp' not defined
Error at file 'new.asm' line 4411: symbol 'l_glong' not defined
Error at file 'new.asm' line 4412: symbol 'l_long_add' not defined
Error at file 'new.asm' line 4416: symbol 'l_gintsp' not defined
Error at file 'new.asm' line 4419: symbol 'l_gint' not defined
Error at file 'new.asm' line 4421: symbol 'l_asr_u_hl_by_e' not defined
Error at file 'new.asm' line 4423: symbol 'l_long_add' not defined
Error at file 'new.asm' line 4425: symbol 'l_plong' not defined
Error at file 'new.asm' line 4427: symbol 'l_gintsp' not defined
Error at file 'new.asm' line 4431: symbol 'l_gintsp' not defined
Error at file 'new.asm' line 4450: symbol 'l_lneg' not defined
Error at file 'new.asm' line 4469: symbol 'l_pint_pop' not defined
Error at file 'new.asm' line 4480: symbol 'l_gintsp' not defined
Error at file 'new.asm' line 4486: symbol 'l_pint_pop' not defined
Error at file 'new.asm' line 4488: symbol 'l_gintsp' not defined
Error at file 'new.asm' line 4493: symbol 'l_gintsp' not defined
Error at file 'new.asm' line 4533: symbol 'l_plong' not defined
Error at file 'new.asm' line 4545: symbol 'l_plong' not defined
Error at file 'new.asm' line 4599: symbol 'l_lneg' not defined
Error at file 'new.asm' line 4631: symbol 'l_glong2sp' not defined
Error at file 'new.asm' line 4633: symbol 'l_gintsp' not defined
Error at file 'new.asm' line 4636: symbol 'l_glong' not defined
Error at file 'new.asm' line 4637: symbol 'l_long_sub' not defined
Error at file 'new.asm' line 4639: symbol 'l_plong' not defined
Error at file 'new.asm' line 4641: symbol 'l_gintspsp' not defined
Error at file 'new.asm' line 4644: symbol 'l_glong' not defined
Error at file 'new.asm' line 4651: symbol 'l_long_ugt' not defined
Error at file 'new.asm' line 4658: symbol 'l_glong' not defined
Error at file 'new.asm' line 4659: symbol 'l_pint_pop' not defined
Error at file 'new.asm' line 4663: symbol 'l_gintsp' not defined
Error at file 'new.asm' line 4671: symbol 'l_glong2sp' not defined
Error at file 'new.asm' line 4674: symbol 'l_long_div_u' not defined
Error at file 'new.asm' line 4689: symbol 'l_glong2sp' not defined
Error at file 'new.asm' line 4692: symbol 'l_long_div_u' not defined
Error at file 'new.asm' line 4696: symbol 'l_gintsp' not defined
Error at file 'new.asm' line 4703: symbol 'l_long_and' not defined
Error at file 'new.asm' line 4716: symbol 'l_glong' not defined
Error at file 'new.asm' line 4730: symbol 'l_glong' not defined
Error at file 'new.asm' line 4732: symbol 'l_plong' not defined
Error at file 'new.asm' line 4743: symbol 'l_glong' not defined
Error at file 'new.asm' line 4750: symbol 'l_plong' not defined
Error at file 'new.asm' line 4754: symbol 'l_glong2sp' not defined
Error at file 'new.asm' line 4757: symbol 'l_long_ule' not defined
Error at file 'new.asm' line 4778: symbol 'l_glong' not defined
Error at file 'new.asm' line 4780: symbol 'l_plong' not defined
Error at file 'new.asm' line 4790: symbol 'l_glong' not defined
Error at file 'new.asm' line 4797: symbol 'l_plong' not defined
Error at file 'new.asm' line 4800: symbol 'l_glong' not defined
Error at file 'new.asm' line 4801: symbol 'l_long_lneg' not defined
Error at file 'new.asm' line 4822: symbol 'l_glong2sp' not defined
Error at file 'new.asm' line 4828: symbol 'l_long_add' not defined
Error at file 'new.asm' line 4830: symbol 'l_plong' not defined
Error at file 'new.asm' line 4840: symbol 'l_gint' not defined
Error at file 'new.asm' line 4843: symbol 'l_div_u' not defined
Error at file 'new.asm' line 4847: symbol 'l_pint_pop' not defined
Error at file 'new.asm' line 4849: symbol 'l_gintspsp' not defined
Error at file 'new.asm' line 4851: symbol 'l_gintsp' not defined
Error at file 'new.asm' line 4860: symbol 'l_gintsp' not defined
Error at file 'new.asm' line 4861: symbol 'l_pint' not defined
Error at file 'new.asm' line 4867: symbol 'l_gintspsp' not defined
Error at file 'new.asm' line 4869: symbol 'l_gintsp' not defined
Error at file 'new.asm' line 4872: symbol 'l_glong2sp' not defined
Error at file 'new.asm' line 4874: symbol 'l_gintsp' not defined
Error at file 'new.asm' line 4877: symbol 'l_gint' not defined
Error at file 'new.asm' line 4880: symbol 'l_div_u' not defined
Error at file 'new.asm' line 4884: symbol 'l_gintsp' not defined
Error at file 'new.asm' line 4892: symbol 'l_pint_pop' not defined
Error at file 'new.asm' line 4894: symbol 'l_gintsp' not defined
Error at file 'new.asm' line 4915: symbol 'l_glong2sp' not defined
Error at file 'new.asm' line 4917: symbol 'l_gintsp' not defined
Error at file 'new.asm' line 4919: symbol 'l_long_add' not defined
Error at file 'new.asm' line 4921: symbol 'l_plong' not defined
Error at file 'new.asm' line 4930: symbol 'l_gint' not defined
Error at file 'new.asm' line 4934: symbol 'l_pint_pop' not defined
Error at file 'new.asm' line 4936: symbol 'l_gintsp' not defined
Error at file 'new.asm' line 4943: symbol 'l_gint' not defined
Error at file 'new.asm' line 4945: symbol 'l_pint_pop' not defined
Error at file 'new.asm' line 4954: symbol 'l_gintspsp' not defined
Error at file 'new.asm' line 4956: symbol 'l_gintsp' not defined
Error at file 'new.asm' line 4984: symbol 'l_gintsp' not defined
Error at file 'new.asm' line 5002: symbol 'l_lneg' not defined
Error at file 'new.asm' line 5027: symbol 'l_gintsp' not defined
Error at file 'new.asm' line 5028: symbol 'l_lneg' not defined
Error at file 'new.asm' line 5094: symbol 'l_glong2sp' not defined
Error at file 'new.asm' line 5097: symbol 'l_long_and' not defined
Error at file 'new.asm' line 5099: symbol 'l_plong' not defined
Error at file 'new.asm' line 5110: symbol 'l_glong2sp' not defined
Error at file 'new.asm' line 5112: symbol 'l_gintsp' not defined
Error at file 'new.asm' line 5115: symbol 'l_glong' not defined
Error at file 'new.asm' line 5116: symbol 'l_long_sub' not defined
Error at file 'new.asm' line 5118: symbol 'l_plong' not defined
Error at file 'new.asm' line 5120: symbol 'l_gintspsp' not defined
Error at file 'new.asm' line 5123: symbol 'l_glong' not defined
Error at file 'new.asm' line 5130: symbol 'l_long_ugt' not defined
Error at file 'new.asm' line 5137: symbol 'l_glong' not defined
Error at file 'new.asm' line 5138: symbol 'l_pint_pop' not defined
Error at file 'new.asm' line 5142: symbol 'l_gintsp' not defined
Error at file 'new.asm' line 5150: symbol 'l_gint' not defined
Error at file 'new.asm' line 5153: symbol 'l_div_u' not defined
Error at file 'new.asm' line 5166: symbol 'l_glong2sp' not defined
Error at file 'new.asm' line 5169: symbol 'l_long_div_u' not defined
Error at file 'new.asm' line 5173: symbol 'l_gintsp' not defined
Error at file 'new.asm' line 5180: symbol 'l_long_and' not defined
Error at file 'new.asm' line 5193: symbol 'l_glong' not defined
Error at file 'new.asm' line 5207: symbol 'l_glong' not defined
Error at file 'new.asm' line 5209: symbol 'l_plong' not defined
Error at file 'new.asm' line 5220: symbol 'l_glong' not defined
Error at file 'new.asm' line 5227: symbol 'l_plong' not defined
Error at file 'new.asm' line 5231: symbol 'l_glong2sp' not defined
Error at file 'new.asm' line 5234: symbol 'l_long_ule' not defined
Error at file 'new.asm' line 5255: symbol 'l_glong' not defined
Error at file 'new.asm' line 5257: symbol 'l_plong' not defined
Error at file 'new.asm' line 5267: symbol 'l_glong' not defined
Error at file 'new.asm' line 5274: symbol 'l_plong' not defined
Error at file 'new.asm' line 5277: symbol 'l_glong' not defined
Error at file 'new.asm' line 5278: symbol 'l_long_lneg' not defined
Error at file 'new.asm' line 5299: symbol 'l_glong2sp' not defined
Error at file 'new.asm' line 5305: symbol 'l_long_add' not defined
Error at file 'new.asm' line 5307: symbol 'l_plong' not defined
Error at file 'new.asm' line 5314: symbol 'l_glong' not defined
Error at file 'new.asm' line 5347: symbol 'l_gint' not defined
Error at file 'new.asm' line 5350: symbol 'l_div_u' not defined
Error at file 'new.asm' line 5359: symbol 'l_gintspsp' not defined
Error at file 'new.asm' line 5361: symbol 'l_gintsp' not defined
Error at file 'new.asm' line 5367: symbol 'l_gintsp' not defined
Error at file 'new.asm' line 5374: symbol 'l_gintspsp' not defined
Error at file 'new.asm' line 5376: symbol 'l_gintsp' not defined
Error at file 'new.asm' line 5404: symbol 'l_glong2sp' not defined
Error at file 'new.asm' line 5406: symbol 'l_gintsp' not defined
Error at file 'new.asm' line 5408: symbol 'l_long_add' not defined
Error at file 'new.asm' line 5410: symbol 'l_plong' not defined
Error at file 'new.asm' line 5419: symbol 'l_gint' not defined
Error at file 'new.asm' line 5421: symbol 'l_pint_pop' not defined
Error at file 'new.asm' line 5430: symbol 'l_gint' not defined
Error at file 'new.asm' line 5434: symbol 'l_pint_pop' not defined
Error at file 'new.asm' line 5436: symbol 'l_gintsp' not defined
Error at file 'new.asm' line 5443: symbol 'l_gint' not defined
Error at file 'new.asm' line 5445: symbol 'l_pint_pop' not defined
Error at file 'new.asm' line 5450: symbol 'l_gint' not defined
Error at file 'new.asm' line 5453: symbol 'l_div_u' not defined
Error at file 'new.asm' line 5515: symbol 'l_lneg' not defined
Error at file 'new.asm' line 5521: symbol 'l_pint' not defined
Error at file 'new.asm' line 5530: symbol 'l_gintsp' not defined
Error at file 'new.asm' line 5536: symbol 'l_pint_pop' not defined
Error at file 'new.asm' line 5541: symbol 'l_gintspsp' not defined
Error at file 'new.asm' line 5546: symbol 'l_gintsp' not defined
Error at file 'new.asm' line 5552: symbol 'l_pint_pop' not defined
Error at file 'new.asm' line 5556: symbol 'l_gintsp' not defined
Error at file 'new.asm' line 5563: symbol 'l_gintsp' not defined
Error at file 'new.asm' line 5589: symbol 'l_gintsp' not defined
Error at file 'new.asm' line 5599: symbol 'l_plong' not defined
Error at file 'new.asm' line 5606: symbol 'l_pint' not defined
Error at file 'new.asm' line 5610: symbol 'l_gintsp' not defined
Error at file 'new.asm' line 5618: symbol 'l_gintsp' not defined
Error at file 'new.asm' line 5622: symbol 'l_pint_pop' not defined
Error at file 'new.asm' line 5627: symbol 'l_gintsp' not defined
Error at file 'new.asm' line 5647: symbol 'l_lneg' not defined
Error at file 'new.asm' line 5653: symbol 'l_pint' not defined
Error at file 'new.asm' line 5657: symbol 'l_gintsp' not defined
Error at file 'new.asm' line 5663: symbol 'l_pint_pop' not defined
Error at file 'new.asm' line 5665: symbol 'l_gintsp' not defined
Error at file 'new.asm' line 5666: symbol 'l_lneg' not defined
Error at file 'new.asm' line 5672: symbol 'l_gintsp' not defined
Error at file 'new.asm' line 5676: symbol 'l_pint_pop' not defined
Error at file 'new.asm' line 5688: symbol 'l_gintspsp' not defined
Error at file 'new.asm' line 5695: symbol 'l_pint_pop' not defined
Error at file 'new.asm' line 5697: symbol 'l_gintsp' not defined
Error at file 'new.asm' line 5702: symbol 'l_gintspsp' not defined
Error at file 'new.asm' line 5707: symbol 'l_gintsp' not defined
Error at file 'new.asm' line 5717: symbol 'l_gintsp' not defined
Error at file 'new.asm' line 5721: symbol 'l_pint_pop' not defined
Error at file 'new.asm' line 5723: symbol 'l_gintsp' not defined
Error at file 'new.asm' line 5732: symbol 'l_pint' not defined
Error at file 'new.asm' line 5738: symbol 'l_gintsp' not defined
